[debug] [2025-10-01T04:08:10.034Z] ----------------------------------------------------------------------
[debug] [2025-10-01T04:08:10.037Z] Command:       C:\Program Files\nodejs\node.exe C:\Users\Admin\AppData\Roaming\npm\node_modules\firebase-tools\lib\bin\firebase.js init hosting
[debug] [2025-10-01T04:08:10.037Z] CLI Version:   14.17.0
[debug] [2025-10-01T04:08:10.038Z] Platform:      win32
[debug] [2025-10-01T04:08:10.038Z] Node Version:  v22.14.0
[debug] [2025-10-01T04:08:10.038Z] Time:          Wed Oct 01 2025 09:38:10 GMT+0530 (India Standard Time)
[debug] [2025-10-01T04:08:10.038Z] ----------------------------------------------------------------------
[debug] 
[debug] [2025-10-01T04:08:10.255Z] > command requires scopes: ["email","openid","https://www.googleapis.com/auth/cloudplatformprojects.readonly","https://www.googleapis.com/auth/firebase","https://www.googleapis.com/auth/cloud-platform"]
[debug] [2025-10-01T04:08:10.256Z] > authorizing via signed-in user (mushtaqprojects@gmail.com)
[info] 
     ######## #### ########  ######## ########     ###     ######  ########
     ##        ##  ##     ## ##       ##     ##  ##   ##  ##       ##
     ######    ##  ########  ######   ########  #########  ######  ######
     ##        ##  ##    ##  ##       ##     ## ##     ##       ## ##
     ##       #### ##     ## ######## ########  ##     ##  ######  ########

You're about to initialize a Firebase project in this directory:

  D:\01.Workspace\Deepsite\mediabot

Before we get started, keep in mind:

  * You are initializing within an existing Firebase project directory

[info] 
=== Project Setup
[info] 
[info] First, let's associate this project directory with a Firebase project.
[info] You can create multiple project aliases by running firebase use --add, 
[info] but for now we'll just set up a default project.
[info] 
[info] i  If you want to create a project in a Google Cloud organization or folder, please use "firebase projects:create" instead, and return to this command when you've created the project. 
[debug] [2025-10-01T04:08:31.798Z] Checked if tokens are valid: true, expires at: 1759295281957
[debug] [2025-10-01T04:08:31.799Z] Checked if tokens are valid: true, expires at: 1759295281957
[debug] [2025-10-01T04:08:31.804Z] >>> [apiv2][query] POST https://firebase.googleapis.com/v1/projects:checkProjectId [none]
[debug] [2025-10-01T04:08:31.804Z] >>> [apiv2][body] POST https://firebase.googleapis.com/v1/projects:checkProjectId {"proposedId":"tgmediabot"}
[debug] [2025-10-01T04:08:32.436Z] <<< [apiv2][status] POST https://firebase.googleapis.com/v1/projects:checkProjectId 200
[debug] [2025-10-01T04:08:32.436Z] <<< [apiv2][body] POST https://firebase.googleapis.com/v1/projects:checkProjectId {"projectIdStatus":"PROJECT_ID_UNAVAILABLE","suggestedProjectId":"tgmediabot-7b90c"}
[debug] [2025-10-01T04:08:50.661Z] Checked if tokens are valid: true, expires at: 1759295281957
[debug] [2025-10-01T04:08:50.661Z] Checked if tokens are valid: true, expires at: 1759295281957
[debug] [2025-10-01T04:08:50.663Z] >>> [apiv2][query] POST https://firebase.googleapis.com/v1/projects:checkProjectId [none]
[debug] [2025-10-01T04:08:50.663Z] >>> [apiv2][body] POST https://firebase.googleapis.com/v1/projects:checkProjectId {"proposedId":"tgmediabot-786allah"}
[debug] [2025-10-01T04:08:51.123Z] <<< [apiv2][status] POST https://firebase.googleapis.com/v1/projects:checkProjectId 200
[debug] [2025-10-01T04:08:51.123Z] <<< [apiv2][body] POST https://firebase.googleapis.com/v1/projects:checkProjectId {"projectIdStatus":"PROJECT_ID_AVAILABLE","suggestedProjectId":"tgmediabot-786allah"}
[debug] [2025-10-01T04:09:08.209Z] Checked if tokens are valid: true, expires at: 1759295281957
[debug] [2025-10-01T04:09:08.209Z] Checked if tokens are valid: true, expires at: 1759295281957
[debug] [2025-10-01T04:09:08.209Z] >>> [apiv2][query] POST https://cloudresourcemanager.googleapis.com/v1/projects [none]
[debug] [2025-10-01T04:09:08.210Z] >>> [apiv2][body] POST https://cloudresourcemanager.googleapis.com/v1/projects {"projectId":"tgmediabot-786allah","name":"tgmediabot"}
[debug] [2025-10-01T04:09:09.838Z] <<< [apiv2][status] POST https://cloudresourcemanager.googleapis.com/v1/projects 200
[debug] [2025-10-01T04:09:09.839Z] <<< [apiv2][body] POST https://cloudresourcemanager.googleapis.com/v1/projects {"name":"operations/create_project.global.4845979380817938083"}
[debug] [2025-10-01T04:09:09.843Z] Checked if tokens are valid: true, expires at: 1759295281957
[debug] [2025-10-01T04:09:09.844Z] Checked if tokens are valid: true, expires at: 1759295281957
[debug] [2025-10-01T04:09:09.845Z] >>> [apiv2][query] GET https://cloudresourcemanager.googleapis.com/v1/operations/create_project.global.4845979380817938083 [none]
[debug] [2025-10-01T04:09:11.293Z] <<< [apiv2][status] GET https://cloudresourcemanager.googleapis.com/v1/operations/create_project.global.4845979380817938083 200
[debug] [2025-10-01T04:09:11.294Z] <<< [apiv2][body] GET https://cloudresourcemanager.googleapis.com/v1/operations/create_project.global.4845979380817938083 {"name":"operations/create_project.global.4845979380817938083","metadata":{"@type":"type.googleapis.com/google.cloudresourcemanager.v1.ProjectCreationStatus","gettable":true,"ready":true},"done":true,"response":{"@type":"type.googleapis.com/google.cloudresourcemanager.v1.Project","projectNumber":"538124520789","projectId":"tgmediabot-786allah","lifecycleState":"ACTIVE","name":"tgmediabot","createTime":"2025-10-01T04:09:10.161878Z"}}
[debug] [2025-10-01T04:09:11.296Z] Checked if tokens are valid: true, expires at: 1759295281957
[debug] [2025-10-01T04:09:11.296Z] Checked if tokens are valid: true, expires at: 1759295281957
[debug] [2025-10-01T04:09:11.296Z] >>> [apiv2][query] POST https://firebase.googleapis.com/v1beta1/projects/tgmediabot-786allah:addFirebase [none]
[debug] [2025-10-01T04:09:12.407Z] <<< [apiv2][status] POST https://firebase.googleapis.com/v1beta1/projects/tgmediabot-786allah:addFirebase 403
[debug] [2025-10-01T04:09:12.407Z] <<< [apiv2][body] POST https://firebase.googleapis.com/v1beta1/projects/tgmediabot-786allah:addFirebase {"error":{"code":403,"message":"The caller does not have permission","status":"PERMISSION_DENIED"}}
[debug] [2025-10-01T04:09:12.410Z] Request to https://firebase.googleapis.com/v1beta1/projects/tgmediabot-786allah:addFirebase had HTTP Error: 403, The caller does not have permission
[debug] [2025-10-01T04:09:12.417Z] FirebaseError: Request to https://firebase.googleapis.com/v1beta1/projects/tgmediabot-786allah:addFirebase had HTTP Error: 403, The caller does not have permission
    at responseToError (C:\Users\Admin\AppData\Roaming\npm\node_modules\firebase-tools\lib\responseToError.js:52:12)
    at RetryOperation._fn (C:\Users\Admin\AppData\Roaming\npm\node_modules\firebase-tools\lib\apiv2.js:312:77)
    at process.processTicksAndRejections (node:internal/process/task_queues:105:5)
[error] 
[error] Error: Failed to add Firebase to Google Cloud Platform project. See firebase-debug.log for more info.
